<?xml version="1.0" encoding="UTF-8"?>
<testsuite xmlns:xsi="http://www.w3.org/2001/XMLSchema-instance" xsi:noNamespaceSchemaLocation="https://maven.apache.org/surefire/maven-surefire-plugin/xsd/surefire-test-report.xsd" name="com.xxxx.seckillmall.SeckillMallApplicationTests" time="8.043" tests="1" errors="0" skipped="0" failures="0">
  <properties>
    <property name="sun.desktop" value="windows"/>
    <property name="awt.toolkit" value="sun.awt.windows.WToolkit"/>
    <property name="file.encoding.pkg" value="sun.io"/>
    <property name="java.specification.version" value="1.8"/>
    <property name="sun.cpu.isalist" value="amd64"/>
    <property name="sun.jnu.encoding" value="GBK"/>
    <property name="java.class.path" value="D:\IdeaProject\seckillMall\target\test-classes;D:\IdeaProject\seckillMall\target\classes;G:\maven_repo\maven_repository\org\springframework\boot\spring-boot-starter-thymeleaf\2.6.1\spring-boot-starter-thymeleaf-2.6.1.jar;G:\maven_repo\maven_repository\org\springframework\boot\spring-boot-starter\2.6.1\spring-boot-starter-2.6.1.jar;G:\maven_repo\maven_repository\org\springframework\boot\spring-boot\2.6.1\spring-boot-2.6.1.jar;G:\maven_repo\maven_repository\org\springframework\boot\spring-boot-starter-logging\2.6.1\spring-boot-starter-logging-2.6.1.jar;G:\maven_repo\maven_repository\ch\qos\logback\logback-classic\1.2.7\logback-classic-1.2.7.jar;G:\maven_repo\maven_repository\ch\qos\logback\logback-core\1.2.7\logback-core-1.2.7.jar;G:\maven_repo\maven_repository\org\apache\logging\log4j\log4j-to-slf4j\2.14.1\log4j-to-slf4j-2.14.1.jar;G:\maven_repo\maven_repository\org\apache\logging\log4j\log4j-api\2.14.1\log4j-api-2.14.1.jar;G:\maven_repo\maven_repository\org\slf4j\jul-to-slf4j\1.7.32\jul-to-slf4j-1.7.32.jar;G:\maven_repo\maven_repository\jakarta\annotation\jakarta.annotation-api\1.3.5\jakarta.annotation-api-1.3.5.jar;G:\maven_repo\maven_repository\org\yaml\snakeyaml\1.29\snakeyaml-1.29.jar;G:\maven_repo\maven_repository\org\thymeleaf\thymeleaf-spring5\3.0.12.RELEASE\thymeleaf-spring5-3.0.12.RELEASE.jar;G:\maven_repo\maven_repository\org\thymeleaf\thymeleaf\3.0.12.RELEASE\thymeleaf-3.0.12.RELEASE.jar;G:\maven_repo\maven_repository\org\attoparser\attoparser\2.0.5.RELEASE\attoparser-2.0.5.RELEASE.jar;G:\maven_repo\maven_repository\org\unbescape\unbescape\1.1.6.RELEASE\unbescape-1.1.6.RELEASE.jar;G:\maven_repo\maven_repository\org\slf4j\slf4j-api\1.7.32\slf4j-api-1.7.32.jar;G:\maven_repo\maven_repository\org\thymeleaf\extras\thymeleaf-extras-java8time\3.0.4.RELEASE\thymeleaf-extras-java8time-3.0.4.RELEASE.jar;G:\maven_repo\maven_repository\org\springframework\boot\spring-boot-starter-web\2.6.1\spring-boot-starter-web-2.6.1.jar;G:\maven_repo\maven_repository\org\springframework\boot\spring-boot-starter-json\2.6.1\spring-boot-starter-json-2.6.1.jar;G:\maven_repo\maven_repository\com\fasterxml\jackson\core\jackson-databind\2.13.0\jackson-databind-2.13.0.jar;G:\maven_repo\maven_repository\com\fasterxml\jackson\core\jackson-annotations\2.13.0\jackson-annotations-2.13.0.jar;G:\maven_repo\maven_repository\com\fasterxml\jackson\core\jackson-core\2.13.0\jackson-core-2.13.0.jar;G:\maven_repo\maven_repository\com\fasterxml\jackson\datatype\jackson-datatype-jdk8\2.13.0\jackson-datatype-jdk8-2.13.0.jar;G:\maven_repo\maven_repository\com\fasterxml\jackson\datatype\jackson-datatype-jsr310\2.13.0\jackson-datatype-jsr310-2.13.0.jar;G:\maven_repo\maven_repository\com\fasterxml\jackson\module\jackson-module-parameter-names\2.13.0\jackson-module-parameter-names-2.13.0.jar;G:\maven_repo\maven_repository\org\springframework\boot\spring-boot-starter-tomcat\2.6.1\spring-boot-starter-tomcat-2.6.1.jar;G:\maven_repo\maven_repository\org\apache\tomcat\embed\tomcat-embed-core\9.0.55\tomcat-embed-core-9.0.55.jar;G:\maven_repo\maven_repository\org\apache\tomcat\embed\tomcat-embed-websocket\9.0.55\tomcat-embed-websocket-9.0.55.jar;G:\maven_repo\maven_repository\org\springframework\spring-web\5.3.13\spring-web-5.3.13.jar;G:\maven_repo\maven_repository\org\springframework\spring-beans\5.3.13\spring-beans-5.3.13.jar;G:\maven_repo\maven_repository\org\springframework\spring-webmvc\5.3.13\spring-webmvc-5.3.13.jar;G:\maven_repo\maven_repository\org\springframework\spring-aop\5.3.13\spring-aop-5.3.13.jar;G:\maven_repo\maven_repository\org\springframework\spring-context\5.3.13\spring-context-5.3.13.jar;G:\maven_repo\maven_repository\org\springframework\spring-expression\5.3.13\spring-expression-5.3.13.jar;G:\maven_repo\maven_repository\mysql\mysql-connector-java\8.0.27\mysql-connector-java-8.0.27.jar;G:\maven_repo\maven_repository\org\projectlombok\lombok\1.18.2\lombok-1.18.2.jar;G:\maven_repo\maven_repository\org\springframework\boot\spring-boot-starter-test\2.6.1\spring-boot-starter-test-2.6.1.jar;G:\maven_repo\maven_repository\org\springframework\boot\spring-boot-test\2.6.1\spring-boot-test-2.6.1.jar;G:\maven_repo\maven_repository\org\springframework\boot\spring-boot-test-autoconfigure\2.6.1\spring-boot-test-autoconfigure-2.6.1.jar;G:\maven_repo\maven_repository\com\jayway\jsonpath\json-path\2.6.0\json-path-2.6.0.jar;G:\maven_repo\maven_repository\net\minidev\json-smart\2.4.7\json-smart-2.4.7.jar;G:\maven_repo\maven_repository\net\minidev\accessors-smart\2.4.7\accessors-smart-2.4.7.jar;G:\maven_repo\maven_repository\org\ow2\asm\asm\9.1\asm-9.1.jar;G:\maven_repo\maven_repository\jakarta\xml\bind\jakarta.xml.bind-api\2.3.3\jakarta.xml.bind-api-2.3.3.jar;G:\maven_repo\maven_repository\jakarta\activation\jakarta.activation-api\1.2.2\jakarta.activation-api-1.2.2.jar;G:\maven_repo\maven_repository\org\assertj\assertj-core\3.21.0\assertj-core-3.21.0.jar;G:\maven_repo\maven_repository\org\hamcrest\hamcrest\2.2\hamcrest-2.2.jar;G:\maven_repo\maven_repository\org\junit\jupiter\junit-jupiter\5.8.1\junit-jupiter-5.8.1.jar;G:\maven_repo\maven_repository\org\junit\jupiter\junit-jupiter-api\5.8.1\junit-jupiter-api-5.8.1.jar;G:\maven_repo\maven_repository\org\opentest4j\opentest4j\1.2.0\opentest4j-1.2.0.jar;G:\maven_repo\maven_repository\org\junit\platform\junit-platform-commons\1.8.1\junit-platform-commons-1.8.1.jar;G:\maven_repo\maven_repository\org\apiguardian\apiguardian-api\1.1.2\apiguardian-api-1.1.2.jar;G:\maven_repo\maven_repository\org\junit\jupiter\junit-jupiter-params\5.8.1\junit-jupiter-params-5.8.1.jar;G:\maven_repo\maven_repository\org\junit\jupiter\junit-jupiter-engine\5.8.1\junit-jupiter-engine-5.8.1.jar;G:\maven_repo\maven_repository\org\junit\platform\junit-platform-engine\1.8.1\junit-platform-engine-1.8.1.jar;G:\maven_repo\maven_repository\org\mockito\mockito-core\4.0.0\mockito-core-4.0.0.jar;G:\maven_repo\maven_repository\net\bytebuddy\byte-buddy\1.11.22\byte-buddy-1.11.22.jar;G:\maven_repo\maven_repository\net\bytebuddy\byte-buddy-agent\1.11.22\byte-buddy-agent-1.11.22.jar;G:\maven_repo\maven_repository\org\objenesis\objenesis\3.2\objenesis-3.2.jar;G:\maven_repo\maven_repository\org\mockito\mockito-junit-jupiter\4.0.0\mockito-junit-jupiter-4.0.0.jar;G:\maven_repo\maven_repository\org\skyscreamer\jsonassert\1.5.0\jsonassert-1.5.0.jar;G:\maven_repo\maven_repository\com\vaadin\external\google\android-json\0.0.20131108.vaadin1\android-json-0.0.20131108.vaadin1.jar;G:\maven_repo\maven_repository\org\springframework\spring-core\5.3.13\spring-core-5.3.13.jar;G:\maven_repo\maven_repository\org\springframework\spring-jcl\5.3.13\spring-jcl-5.3.13.jar;G:\maven_repo\maven_repository\org\springframework\spring-test\5.3.13\spring-test-5.3.13.jar;G:\maven_repo\maven_repository\org\xmlunit\xmlunit-core\2.8.3\xmlunit-core-2.8.3.jar;G:\maven_repo\maven_repository\com\baomidou\mybatis-plus-boot-starter\3.4.0\mybatis-plus-boot-starter-3.4.0.jar;G:\maven_repo\maven_repository\com\baomidou\mybatis-plus\3.4.0\mybatis-plus-3.4.0.jar;G:\maven_repo\maven_repository\org\springframework\boot\spring-boot-autoconfigure\2.6.1\spring-boot-autoconfigure-2.6.1.jar;G:\maven_repo\maven_repository\org\springframework\boot\spring-boot-starter-jdbc\2.6.1\spring-boot-starter-jdbc-2.6.1.jar;G:\maven_repo\maven_repository\com\zaxxer\HikariCP\4.0.3\HikariCP-4.0.3.jar;G:\maven_repo\maven_repository\org\springframework\spring-jdbc\5.3.13\spring-jdbc-5.3.13.jar;G:\maven_repo\maven_repository\com\baomidou\mybatis-plus-generator\3.4.1\mybatis-plus-generator-3.4.1.jar;G:\maven_repo\maven_repository\com\baomidou\mybatis-plus-extension\3.4.1\mybatis-plus-extension-3.4.1.jar;G:\maven_repo\maven_repository\com\baomidou\mybatis-plus-core\3.4.1\mybatis-plus-core-3.4.1.jar;G:\maven_repo\maven_repository\com\baomidou\mybatis-plus-annotation\3.4.1\mybatis-plus-annotation-3.4.1.jar;G:\maven_repo\maven_repository\com\github\jsqlparser\jsqlparser\3.2\jsqlparser-3.2.jar;G:\maven_repo\maven_repository\org\mybatis\mybatis\3.5.6\mybatis-3.5.6.jar;G:\maven_repo\maven_repository\org\mybatis\mybatis-spring\2.0.5\mybatis-spring-2.0.5.jar;G:\maven_repo\maven_repository\commons-codec\commons-codec\1.15\commons-codec-1.15.jar;G:\maven_repo\maven_repository\org\apache\commons\commons-lang3\3.6\commons-lang3-3.6.jar;G:\maven_repo\maven_repository\org\springframework\boot\spring-boot-starter-validation\2.6.1\spring-boot-starter-validation-2.6.1.jar;G:\maven_repo\maven_repository\org\apache\tomcat\embed\tomcat-embed-el\9.0.55\tomcat-embed-el-9.0.55.jar;G:\maven_repo\maven_repository\org\hibernate\validator\hibernate-validator\6.2.0.Final\hibernate-validator-6.2.0.Final.jar;G:\maven_repo\maven_repository\jakarta\validation\jakarta.validation-api\2.0.2\jakarta.validation-api-2.0.2.jar;G:\maven_repo\maven_repository\org\jboss\logging\jboss-logging\3.4.2.Final\jboss-logging-3.4.2.Final.jar;G:\maven_repo\maven_repository\com\fasterxml\classmate\1.5.1\classmate-1.5.1.jar;G:\maven_repo\maven_repository\org\springframework\boot\spring-boot-starter-data-redis\2.6.1\spring-boot-starter-data-redis-2.6.1.jar;G:\maven_repo\maven_repository\org\springframework\data\spring-data-redis\2.6.0\spring-data-redis-2.6.0.jar;G:\maven_repo\maven_repository\org\springframework\data\spring-data-keyvalue\2.6.0\spring-data-keyvalue-2.6.0.jar;G:\maven_repo\maven_repository\org\springframework\data\spring-data-commons\2.6.0\spring-data-commons-2.6.0.jar;G:\maven_repo\maven_repository\org\springframework\spring-tx\5.3.13\spring-tx-5.3.13.jar;G:\maven_repo\maven_repository\org\springframework\spring-oxm\5.3.13\spring-oxm-5.3.13.jar;G:\maven_repo\maven_repository\org\springframework\spring-context-support\5.3.13\spring-context-support-5.3.13.jar;G:\maven_repo\maven_repository\io\lettuce\lettuce-core\6.1.5.RELEASE\lettuce-core-6.1.5.RELEASE.jar;G:\maven_repo\maven_repository\io\netty\netty-common\4.1.70.Final\netty-common-4.1.70.Final.jar;G:\maven_repo\maven_repository\io\netty\netty-handler\4.1.70.Final\netty-handler-4.1.70.Final.jar;G:\maven_repo\maven_repository\io\netty\netty-resolver\4.1.70.Final\netty-resolver-4.1.70.Final.jar;G:\maven_repo\maven_repository\io\netty\netty-buffer\4.1.70.Final\netty-buffer-4.1.70.Final.jar;G:\maven_repo\maven_repository\io\netty\netty-codec\4.1.70.Final\netty-codec-4.1.70.Final.jar;G:\maven_repo\maven_repository\io\netty\netty-transport\4.1.70.Final\netty-transport-4.1.70.Final.jar;G:\maven_repo\maven_repository\io\projectreactor\reactor-core\3.4.12\reactor-core-3.4.12.jar;G:\maven_repo\maven_repository\org\reactivestreams\reactive-streams\1.0.3\reactive-streams-1.0.3.jar;G:\maven_repo\maven_repository\org\apache\commons\commons-pool2\2.11.1\commons-pool2-2.11.1.jar;"/>
    <property name="java.vm.vendor" value="Oracle Corporation"/>
    <property name="sun.arch.data.model" value="64"/>
    <property name="user.variant" value=""/>
    <property name="java.vendor.url" value="http://java.oracle.com/"/>
    <property name="user.timezone" value="Asia/Shanghai"/>
    <property name="java.vm.specification.version" value="1.8"/>
    <property name="os.name" value="Windows 10"/>
    <property name="user.country" value="CN"/>
    <property name="sun.java.launcher" value="SUN_STANDARD"/>
    <property name="sun.boot.library.path" value="C:\Program Files\Java\jdk1.8.0_152\jre\bin"/>
    <property name="sun.java.command" value="C:\Users\XUEHAO~1\AppData\Local\Temp\surefire3088610897243045327\surefirebooter3417324339939812586.jar C:\Users\XUEHAORAN\AppData\Local\Temp\surefire3088610897243045327 2021-12-17T12-11-19_164-jvmRun1 surefire8395419932931565541tmp surefire_02103682538902894804tmp"/>
    <property name="surefire.test.class.path" value="D:\IdeaProject\seckillMall\target\test-classes;D:\IdeaProject\seckillMall\target\classes;G:\maven_repo\maven_repository\org\springframework\boot\spring-boot-starter-thymeleaf\2.6.1\spring-boot-starter-thymeleaf-2.6.1.jar;G:\maven_repo\maven_repository\org\springframework\boot\spring-boot-starter\2.6.1\spring-boot-starter-2.6.1.jar;G:\maven_repo\maven_repository\org\springframework\boot\spring-boot\2.6.1\spring-boot-2.6.1.jar;G:\maven_repo\maven_repository\org\springframework\boot\spring-boot-starter-logging\2.6.1\spring-boot-starter-logging-2.6.1.jar;G:\maven_repo\maven_repository\ch\qos\logback\logback-classic\1.2.7\logback-classic-1.2.7.jar;G:\maven_repo\maven_repository\ch\qos\logback\logback-core\1.2.7\logback-core-1.2.7.jar;G:\maven_repo\maven_repository\org\apache\logging\log4j\log4j-to-slf4j\2.14.1\log4j-to-slf4j-2.14.1.jar;G:\maven_repo\maven_repository\org\apache\logging\log4j\log4j-api\2.14.1\log4j-api-2.14.1.jar;G:\maven_repo\maven_repository\org\slf4j\jul-to-slf4j\1.7.32\jul-to-slf4j-1.7.32.jar;G:\maven_repo\maven_repository\jakarta\annotation\jakarta.annotation-api\1.3.5\jakarta.annotation-api-1.3.5.jar;G:\maven_repo\maven_repository\org\yaml\snakeyaml\1.29\snakeyaml-1.29.jar;G:\maven_repo\maven_repository\org\thymeleaf\thymeleaf-spring5\3.0.12.RELEASE\thymeleaf-spring5-3.0.12.RELEASE.jar;G:\maven_repo\maven_repository\org\thymeleaf\thymeleaf\3.0.12.RELEASE\thymeleaf-3.0.12.RELEASE.jar;G:\maven_repo\maven_repository\org\attoparser\attoparser\2.0.5.RELEASE\attoparser-2.0.5.RELEASE.jar;G:\maven_repo\maven_repository\org\unbescape\unbescape\1.1.6.RELEASE\unbescape-1.1.6.RELEASE.jar;G:\maven_repo\maven_repository\org\slf4j\slf4j-api\1.7.32\slf4j-api-1.7.32.jar;G:\maven_repo\maven_repository\org\thymeleaf\extras\thymeleaf-extras-java8time\3.0.4.RELEASE\thymeleaf-extras-java8time-3.0.4.RELEASE.jar;G:\maven_repo\maven_repository\org\springframework\boot\spring-boot-starter-web\2.6.1\spring-boot-starter-web-2.6.1.jar;G:\maven_repo\maven_repository\org\springframework\boot\spring-boot-starter-json\2.6.1\spring-boot-starter-json-2.6.1.jar;G:\maven_repo\maven_repository\com\fasterxml\jackson\core\jackson-databind\2.13.0\jackson-databind-2.13.0.jar;G:\maven_repo\maven_repository\com\fasterxml\jackson\core\jackson-annotations\2.13.0\jackson-annotations-2.13.0.jar;G:\maven_repo\maven_repository\com\fasterxml\jackson\core\jackson-core\2.13.0\jackson-core-2.13.0.jar;G:\maven_repo\maven_repository\com\fasterxml\jackson\datatype\jackson-datatype-jdk8\2.13.0\jackson-datatype-jdk8-2.13.0.jar;G:\maven_repo\maven_repository\com\fasterxml\jackson\datatype\jackson-datatype-jsr310\2.13.0\jackson-datatype-jsr310-2.13.0.jar;G:\maven_repo\maven_repository\com\fasterxml\jackson\module\jackson-module-parameter-names\2.13.0\jackson-module-parameter-names-2.13.0.jar;G:\maven_repo\maven_repository\org\springframework\boot\spring-boot-starter-tomcat\2.6.1\spring-boot-starter-tomcat-2.6.1.jar;G:\maven_repo\maven_repository\org\apache\tomcat\embed\tomcat-embed-core\9.0.55\tomcat-embed-core-9.0.55.jar;G:\maven_repo\maven_repository\org\apache\tomcat\embed\tomcat-embed-websocket\9.0.55\tomcat-embed-websocket-9.0.55.jar;G:\maven_repo\maven_repository\org\springframework\spring-web\5.3.13\spring-web-5.3.13.jar;G:\maven_repo\maven_repository\org\springframework\spring-beans\5.3.13\spring-beans-5.3.13.jar;G:\maven_repo\maven_repository\org\springframework\spring-webmvc\5.3.13\spring-webmvc-5.3.13.jar;G:\maven_repo\maven_repository\org\springframework\spring-aop\5.3.13\spring-aop-5.3.13.jar;G:\maven_repo\maven_repository\org\springframework\spring-context\5.3.13\spring-context-5.3.13.jar;G:\maven_repo\maven_repository\org\springframework\spring-expression\5.3.13\spring-expression-5.3.13.jar;G:\maven_repo\maven_repository\mysql\mysql-connector-java\8.0.27\mysql-connector-java-8.0.27.jar;G:\maven_repo\maven_repository\org\projectlombok\lombok\1.18.2\lombok-1.18.2.jar;G:\maven_repo\maven_repository\org\springframework\boot\spring-boot-starter-test\2.6.1\spring-boot-starter-test-2.6.1.jar;G:\maven_repo\maven_repository\org\springframework\boot\spring-boot-test\2.6.1\spring-boot-test-2.6.1.jar;G:\maven_repo\maven_repository\org\springframework\boot\spring-boot-test-autoconfigure\2.6.1\spring-boot-test-autoconfigure-2.6.1.jar;G:\maven_repo\maven_repository\com\jayway\jsonpath\json-path\2.6.0\json-path-2.6.0.jar;G:\maven_repo\maven_repository\net\minidev\json-smart\2.4.7\json-smart-2.4.7.jar;G:\maven_repo\maven_repository\net\minidev\accessors-smart\2.4.7\accessors-smart-2.4.7.jar;G:\maven_repo\maven_repository\org\ow2\asm\asm\9.1\asm-9.1.jar;G:\maven_repo\maven_repository\jakarta\xml\bind\jakarta.xml.bind-api\2.3.3\jakarta.xml.bind-api-2.3.3.jar;G:\maven_repo\maven_repository\jakarta\activation\jakarta.activation-api\1.2.2\jakarta.activation-api-1.2.2.jar;G:\maven_repo\maven_repository\org\assertj\assertj-core\3.21.0\assertj-core-3.21.0.jar;G:\maven_repo\maven_repository\org\hamcrest\hamcrest\2.2\hamcrest-2.2.jar;G:\maven_repo\maven_repository\org\junit\jupiter\junit-jupiter\5.8.1\junit-jupiter-5.8.1.jar;G:\maven_repo\maven_repository\org\junit\jupiter\junit-jupiter-api\5.8.1\junit-jupiter-api-5.8.1.jar;G:\maven_repo\maven_repository\org\opentest4j\opentest4j\1.2.0\opentest4j-1.2.0.jar;G:\maven_repo\maven_repository\org\junit\platform\junit-platform-commons\1.8.1\junit-platform-commons-1.8.1.jar;G:\maven_repo\maven_repository\org\apiguardian\apiguardian-api\1.1.2\apiguardian-api-1.1.2.jar;G:\maven_repo\maven_repository\org\junit\jupiter\junit-jupiter-params\5.8.1\junit-jupiter-params-5.8.1.jar;G:\maven_repo\maven_repository\org\junit\jupiter\junit-jupiter-engine\5.8.1\junit-jupiter-engine-5.8.1.jar;G:\maven_repo\maven_repository\org\junit\platform\junit-platform-engine\1.8.1\junit-platform-engine-1.8.1.jar;G:\maven_repo\maven_repository\org\mockito\mockito-core\4.0.0\mockito-core-4.0.0.jar;G:\maven_repo\maven_repository\net\bytebuddy\byte-buddy\1.11.22\byte-buddy-1.11.22.jar;G:\maven_repo\maven_repository\net\bytebuddy\byte-buddy-agent\1.11.22\byte-buddy-agent-1.11.22.jar;G:\maven_repo\maven_repository\org\objenesis\objenesis\3.2\objenesis-3.2.jar;G:\maven_repo\maven_repository\org\mockito\mockito-junit-jupiter\4.0.0\mockito-junit-jupiter-4.0.0.jar;G:\maven_repo\maven_repository\org\skyscreamer\jsonassert\1.5.0\jsonassert-1.5.0.jar;G:\maven_repo\maven_repository\com\vaadin\external\google\android-json\0.0.20131108.vaadin1\android-json-0.0.20131108.vaadin1.jar;G:\maven_repo\maven_repository\org\springframework\spring-core\5.3.13\spring-core-5.3.13.jar;G:\maven_repo\maven_repository\org\springframework\spring-jcl\5.3.13\spring-jcl-5.3.13.jar;G:\maven_repo\maven_repository\org\springframework\spring-test\5.3.13\spring-test-5.3.13.jar;G:\maven_repo\maven_repository\org\xmlunit\xmlunit-core\2.8.3\xmlunit-core-2.8.3.jar;G:\maven_repo\maven_repository\com\baomidou\mybatis-plus-boot-starter\3.4.0\mybatis-plus-boot-starter-3.4.0.jar;G:\maven_repo\maven_repository\com\baomidou\mybatis-plus\3.4.0\mybatis-plus-3.4.0.jar;G:\maven_repo\maven_repository\org\springframework\boot\spring-boot-autoconfigure\2.6.1\spring-boot-autoconfigure-2.6.1.jar;G:\maven_repo\maven_repository\org\springframework\boot\spring-boot-starter-jdbc\2.6.1\spring-boot-starter-jdbc-2.6.1.jar;G:\maven_repo\maven_repository\com\zaxxer\HikariCP\4.0.3\HikariCP-4.0.3.jar;G:\maven_repo\maven_repository\org\springframework\spring-jdbc\5.3.13\spring-jdbc-5.3.13.jar;G:\maven_repo\maven_repository\com\baomidou\mybatis-plus-generator\3.4.1\mybatis-plus-generator-3.4.1.jar;G:\maven_repo\maven_repository\com\baomidou\mybatis-plus-extension\3.4.1\mybatis-plus-extension-3.4.1.jar;G:\maven_repo\maven_repository\com\baomidou\mybatis-plus-core\3.4.1\mybatis-plus-core-3.4.1.jar;G:\maven_repo\maven_repository\com\baomidou\mybatis-plus-annotation\3.4.1\mybatis-plus-annotation-3.4.1.jar;G:\maven_repo\maven_repository\com\github\jsqlparser\jsqlparser\3.2\jsqlparser-3.2.jar;G:\maven_repo\maven_repository\org\mybatis\mybatis\3.5.6\mybatis-3.5.6.jar;G:\maven_repo\maven_repository\org\mybatis\mybatis-spring\2.0.5\mybatis-spring-2.0.5.jar;G:\maven_repo\maven_repository\commons-codec\commons-codec\1.15\commons-codec-1.15.jar;G:\maven_repo\maven_repository\org\apache\commons\commons-lang3\3.6\commons-lang3-3.6.jar;G:\maven_repo\maven_repository\org\springframework\boot\spring-boot-starter-validation\2.6.1\spring-boot-starter-validation-2.6.1.jar;G:\maven_repo\maven_repository\org\apache\tomcat\embed\tomcat-embed-el\9.0.55\tomcat-embed-el-9.0.55.jar;G:\maven_repo\maven_repository\org\hibernate\validator\hibernate-validator\6.2.0.Final\hibernate-validator-6.2.0.Final.jar;G:\maven_repo\maven_repository\jakarta\validation\jakarta.validation-api\2.0.2\jakarta.validation-api-2.0.2.jar;G:\maven_repo\maven_repository\org\jboss\logging\jboss-logging\3.4.2.Final\jboss-logging-3.4.2.Final.jar;G:\maven_repo\maven_repository\com\fasterxml\classmate\1.5.1\classmate-1.5.1.jar;G:\maven_repo\maven_repository\org\springframework\boot\spring-boot-starter-data-redis\2.6.1\spring-boot-starter-data-redis-2.6.1.jar;G:\maven_repo\maven_repository\org\springframework\data\spring-data-redis\2.6.0\spring-data-redis-2.6.0.jar;G:\maven_repo\maven_repository\org\springframework\data\spring-data-keyvalue\2.6.0\spring-data-keyvalue-2.6.0.jar;G:\maven_repo\maven_repository\org\springframework\data\spring-data-commons\2.6.0\spring-data-commons-2.6.0.jar;G:\maven_repo\maven_repository\org\springframework\spring-tx\5.3.13\spring-tx-5.3.13.jar;G:\maven_repo\maven_repository\org\springframework\spring-oxm\5.3.13\spring-oxm-5.3.13.jar;G:\maven_repo\maven_repository\org\springframework\spring-context-support\5.3.13\spring-context-support-5.3.13.jar;G:\maven_repo\maven_repository\io\lettuce\lettuce-core\6.1.5.RELEASE\lettuce-core-6.1.5.RELEASE.jar;G:\maven_repo\maven_repository\io\netty\netty-common\4.1.70.Final\netty-common-4.1.70.Final.jar;G:\maven_repo\maven_repository\io\netty\netty-handler\4.1.70.Final\netty-handler-4.1.70.Final.jar;G:\maven_repo\maven_repository\io\netty\netty-resolver\4.1.70.Final\netty-resolver-4.1.70.Final.jar;G:\maven_repo\maven_repository\io\netty\netty-buffer\4.1.70.Final\netty-buffer-4.1.70.Final.jar;G:\maven_repo\maven_repository\io\netty\netty-codec\4.1.70.Final\netty-codec-4.1.70.Final.jar;G:\maven_repo\maven_repository\io\netty\netty-transport\4.1.70.Final\netty-transport-4.1.70.Final.jar;G:\maven_repo\maven_repository\io\projectreactor\reactor-core\3.4.12\reactor-core-3.4.12.jar;G:\maven_repo\maven_repository\org\reactivestreams\reactive-streams\1.0.3\reactive-streams-1.0.3.jar;G:\maven_repo\maven_repository\org\apache\commons\commons-pool2\2.11.1\commons-pool2-2.11.1.jar;"/>
    <property name="sun.cpu.endian" value="little"/>
    <property name="user.home" value="C:\Users\XUEHAORAN"/>
    <property name="user.language" value="zh"/>
    <property name="java.specification.vendor" value="Oracle Corporation"/>
    <property name="java.home" value="C:\Program Files\Java\jdk1.8.0_152\jre"/>
    <property name="basedir" value="D:\IdeaProject\seckillMall"/>
    <property name="file.separator" value="\"/>
    <property name="line.separator" value="&#10;"/>
    <property name="java.vm.specification.vendor" value="Oracle Corporation"/>
    <property name="java.specification.name" value="Java Platform API Specification"/>
    <property name="java.awt.graphicsenv" value="sun.awt.Win32GraphicsEnvironment"/>
    <property name="surefire.real.class.path" value="C:\Users\XUEHAO~1\AppData\Local\Temp\surefire3088610897243045327\surefirebooter3417324339939812586.jar"/>
    <property name="sun.boot.class.path" value="C:\Program Files\Java\jdk1.8.0_152\jre\lib\resources.jar;C:\Program Files\Java\jdk1.8.0_152\jre\lib\rt.jar;C:\Program Files\Java\jdk1.8.0_152\jre\lib\sunrsasign.jar;C:\Program Files\Java\jdk1.8.0_152\jre\lib\jsse.jar;C:\Program Files\Java\jdk1.8.0_152\jre\lib\jce.jar;C:\Program Files\Java\jdk1.8.0_152\jre\lib\charsets.jar;C:\Program Files\Java\jdk1.8.0_152\jre\lib\jfr.jar;C:\Program Files\Java\jdk1.8.0_152\jre\classes"/>
    <property name="user.script" value=""/>
    <property name="sun.management.compiler" value="HotSpot 64-Bit Tiered Compilers"/>
    <property name="java.runtime.version" value="1.8.0_152-b16"/>
    <property name="user.name" value="XUEHAORAN"/>
    <property name="path.separator" value=";"/>
    <property name="os.version" value="10.0"/>
    <property name="java.endorsed.dirs" value="C:\Program Files\Java\jdk1.8.0_152\jre\lib\endorsed"/>
    <property name="java.runtime.name" value="Java(TM) SE Runtime Environment"/>
    <property name="file.encoding" value="GBK"/>
    <property name="java.vm.name" value="Java HotSpot(TM) 64-Bit Server VM"/>
    <property name="localRepository" value="G:\maven_repo\maven_repository"/>
    <property name="java.vendor.url.bug" value="http://bugreport.sun.com/bugreport/"/>
    <property name="java.io.tmpdir" value="C:\Users\XUEHAO~1\AppData\Local\Temp\"/>
    <property name="idea.version" value="2021.3"/>
    <property name="java.version" value="1.8.0_152"/>
    <property name="user.dir" value="D:\IdeaProject\seckillMall"/>
    <property name="os.arch" value="amd64"/>
    <property name="java.vm.specification.name" value="Java Virtual Machine Specification"/>
    <property name="java.awt.printerjob" value="sun.awt.windows.WPrinterJob"/>
    <property name="sun.os.patch.level" value=""/>
    <property name="java.library.path" value="C:\Program Files\Java\jdk1.8.0_152\jre\bin;C:\WINDOWS\Sun\Java\bin;C:\WINDOWS\system32;C:\WINDOWS;C:\ProgramData\Oracle\Java\javapath;C:\Program Files\NVIDIA GPU Computing Toolkit\CUDA\v10.0\bin;C:\Users\XUEHAORAN\AppData\Local\Programs\Python\Python37-32;C:\Program Files\Java\jdk1.8.0_152\bin;D:\mysql\bin;G:\apache-maven-3.5.2-bin\apache-maven-3.5.2\bin;C:\Program Files\NVIDIA Corporation\NVIDIA NvDLISR;C:\WINDOWS\system32;C:\WINDOWS;C:\WINDOWS\System32\Wbem;C:\WINDOWS\System32\WindowsPowerShell\v1.0\;C:\WINDOWS\System32\OpenSSH\;D:\Putty\;G:\xshell\;C:\Program Files\Git\cmd;E:\EasyShare\x86\;E:\EasyShare\x64\;C:\miniconda3;C:\miniconda3\Library\mingw-w64\bin;C:\miniconda3\Library\usr\bin;C:\miniconda3\Library\bin;C:\miniconda3\Scripts;C:\Users\XUEHAORAN\AppData\Local\Microsoft\WindowsApps;;D:\VS_CODE\Microsoft VS Code\bin;."/>
    <property name="java.vm.info" value="mixed mode"/>
    <property name="java.vendor" value="Oracle Corporation"/>
    <property name="java.vm.version" value="25.152-b16"/>
    <property name="java.ext.dirs" value="C:\Program Files\Java\jdk1.8.0_152\jre\lib\ext;C:\WINDOWS\Sun\Java\lib\ext"/>
    <property name="sun.io.unicode.encoding" value="UnicodeLittle"/>
    <property name="java.class.version" value="52.0"/>
  </properties>
  <testcase name="contextLoads" classname="com.xxxx.seckillmall.SeckillMallApplicationTests" time="0.749"/>
</testsuite>